android/app/build/intermediates/manifest_merge_blame_file/debug/manifest-merger-blame-debug-report.txt
1<?xml version="1.0" encoding="utf-8"?>
2<manifest xmlns:android="http://schemas.android.com/apk/res/android"
3    package="com.tisporet"
4    android:versionCode="1"
5    android:versionName="1.0" >
6
7    <uses-sdk
8        android:minSdkVersion="21"
9        android:targetSdkVersion="31" />
10
11    <uses-permission android:name="android.permission.SYSTEM_ALERT_WINDOW" />
11-->src\debug\AndroidManifest.xml:5:5-77
11-->src\debug\AndroidManifest.xml:5:22-75
12    <uses-permission android:name="android.permission.INTERNET" />
12-->src\main\AndroidManifest.xml:4:5-67
12-->src\main\AndroidManifest.xml:4:22-64
13    <uses-permission android:name="android.permission.ACCESS_WIFI_STATE" />
13-->[com.facebook.flipper:flipper:0.125.0] AndroidManifest.xml:16:5-76
13-->[com.facebook.flipper:flipper:0.125.0] AndroidManifest.xml:16:22-73
14    <uses-permission android:name="android.permission.ACCESS_NETWORK_STATE" />
14-->[:react-native-firebase_analytics] AndroidManifest.xml:9:5-79
14-->[:react-native-firebase_analytics] AndroidManifest.xml:9:22-76
15    <uses-permission android:name="android.permission.WAKE_LOCK" />
15-->[:react-native-firebase_analytics] AndroidManifest.xml:11:5-68
15-->[:react-native-firebase_analytics] AndroidManifest.xml:11:22-65
16    <uses-permission android:name="com.google.android.gms.permission.AD_ID" />
16-->[com.google.android.gms:play-services-measurement-api:21.2.0] AndroidManifest.xml:25:5-79
16-->[com.google.android.gms:play-services-measurement-api:21.2.0] AndroidManifest.xml:25:22-76
17    <uses-permission android:name="com.google.android.finsky.permission.BIND_GET_INSTALL_REFERRER_SERVICE" />
17-->[com.google.android.gms:play-services-measurement:21.2.0] AndroidManifest.xml:26:5-110
17-->[com.google.android.gms:play-services-measurement:21.2.0] AndroidManifest.xml:26:22-107
18
19    <application
19-->src\main\AndroidManifest.xml:6:5-25:19
20        android:name="com.tisporet.MainApplication"
20-->src\main\AndroidManifest.xml:7:7-38
21        android:allowBackup="false"
21-->src\main\AndroidManifest.xml:11:7-34
22        android:appComponentFactory="androidx.core.app.CoreComponentFactory"
22-->[androidx.core:core:1.7.0] AndroidManifest.xml:24:18-86
23        android:debuggable="true"
24        android:icon="@mipmap/ic_launcher"
24-->src\main\AndroidManifest.xml:9:7-41
25        android:label="@string/app_name"
25-->src\main\AndroidManifest.xml:8:7-39
26        android:roundIcon="@mipmap/ic_launcher_round"
26-->src\main\AndroidManifest.xml:10:7-52
27        android:theme="@style/AppTheme"
27-->src\main\AndroidManifest.xml:12:7-38
28        android:usesCleartextTraffic="true" >
28-->src\debug\AndroidManifest.xml:8:9-44
29        <activity
29-->src\debug\AndroidManifest.xml:11:9-111
30            android:name="com.facebook.react.devsupport.DevSettingsActivity"
30-->src\debug\AndroidManifest.xml:11:19-83
31            android:exported="false" />
31-->src\debug\AndroidManifest.xml:11:84-108
32        <activity
32-->src\main\AndroidManifest.xml:13:7-24:18
33            android:name="com.tisporet.MainActivity"
33-->src\main\AndroidManifest.xml:14:9-37
34            android:configChanges="keyboard|keyboardHidden|orientation|screenLayout|screenSize|smallestScreenSize|uiMode"
34-->src\main\AndroidManifest.xml:16:9-118
35            android:exported="true"
35-->src\main\AndroidManifest.xml:19:9-32
36            android:label="@string/app_name"
36-->src\main\AndroidManifest.xml:15:9-41
37            android:launchMode="singleTask"
37-->src\main\AndroidManifest.xml:17:9-40
38            android:windowSoftInputMode="adjustResize" >
38-->src\main\AndroidManifest.xml:18:9-51
39            <intent-filter>
39-->src\main\AndroidManifest.xml:20:9-23:25
40                <action android:name="android.intent.action.MAIN" />
40-->src\main\AndroidManifest.xml:21:13-65
40-->src\main\AndroidManifest.xml:21:21-62
41
42                <category android:name="android.intent.category.LAUNCHER" />
42-->src\main\AndroidManifest.xml:22:13-73
42-->src\main\AndroidManifest.xml:22:23-70
43            </intent-filter>
44        </activity>
45
46        <meta-data
46-->[:react-native-firebase_analytics] AndroidManifest.xml:14:9-16:36
47            android:name="firebase_analytics_collection_enabled"
47-->[:react-native-firebase_analytics] AndroidManifest.xml:15:13-65
48            android:value="true" />
48-->[:react-native-firebase_analytics] AndroidManifest.xml:16:13-33
49        <meta-data
49-->[:react-native-firebase_analytics] AndroidManifest.xml:17:9-19:37
50            android:name="firebase_analytics_collection_deactivated"
50-->[:react-native-firebase_analytics] AndroidManifest.xml:18:13-69
51            android:value="false" />
51-->[:react-native-firebase_analytics] AndroidManifest.xml:19:13-34
52        <meta-data
52-->[:react-native-firebase_analytics] AndroidManifest.xml:20:9-22:36
53            android:name="google_analytics_adid_collection_enabled"
53-->[:react-native-firebase_analytics] AndroidManifest.xml:21:13-68
54            android:value="true" />
54-->[:react-native-firebase_analytics] AndroidManifest.xml:22:13-33
55        <meta-data
55-->[:react-native-firebase_analytics] AndroidManifest.xml:23:9-25:36
56            android:name="google_analytics_ssaid_collection_enabled"
56-->[:react-native-firebase_analytics] AndroidManifest.xml:24:13-69
57            android:value="true" />
57-->[:react-native-firebase_analytics] AndroidManifest.xml:25:13-33
58        <meta-data
58-->[:react-native-firebase_analytics] AndroidManifest.xml:26:9-28:36
59            android:name="google_analytics_default_allow_ad_personalization_signals"
59-->[:react-native-firebase_analytics] AndroidManifest.xml:27:13-85
60            android:value="true" />
60-->[:react-native-firebase_analytics] AndroidManifest.xml:28:13-33
61        <meta-data
61-->[:react-native-firebase_analytics] AndroidManifest.xml:29:9-31:36
62            android:name="google_analytics_automatic_screen_reporting_enabled"
62-->[:react-native-firebase_analytics] AndroidManifest.xml:30:13-79
63            android:value="true" />
63-->[:react-native-firebase_analytics] AndroidManifest.xml:31:13-33
64        <meta-data
64-->[:react-native-firebase_app] AndroidManifest.xml:11:9-13:36
65            android:name="app_data_collection_default_enabled"
65-->[:react-native-firebase_app] AndroidManifest.xml:12:13-63
66            android:value="true" />
66-->[:react-native-firebase_app] AndroidManifest.xml:13:13-33
67
68        <service
68-->[:react-native-firebase_app] AndroidManifest.xml:15:9-23:19
69            android:name="com.google.firebase.components.ComponentDiscoveryService"
69-->[:react-native-firebase_app] AndroidManifest.xml:16:13-84
70            android:directBootAware="true"
70-->[:react-native-firebase_app] AndroidManifest.xml:17:13-43
71            android:exported="false" >
71-->[:react-native-firebase_app] AndroidManifest.xml:18:13-37
72            <meta-data
72-->[:react-native-firebase_app] AndroidManifest.xml:20:13-22:85
73                android:name="com.google.firebase.components:io.invertase.firebase.app.ReactNativeFirebaseAppRegistrar"
73-->[:react-native-firebase_app] AndroidManifest.xml:21:17-120
74                android:value="com.google.firebase.components.ComponentRegistrar" />
74-->[:react-native-firebase_app] AndroidManifest.xml:22:17-82
75            <meta-data
75-->[com.google.firebase:firebase-firestore:24.4.1] AndroidManifest.xml:19:13-21:85
76                android:name="com.google.firebase.components:com.google.firebase.firestore.FirestoreRegistrar"
76-->[com.google.firebase:firebase-firestore:24.4.1] AndroidManifest.xml:20:17-111
77                android:value="com.google.firebase.components.ComponentRegistrar" />
77-->[com.google.firebase:firebase-firestore:24.4.1] AndroidManifest.xml:21:17-82
78            <meta-data
78-->[com.google.firebase:firebase-auth:21.1.0] AndroidManifest.xml:67:13-69:85
79                android:name="com.google.firebase.components:com.google.firebase.auth.FirebaseAuthRegistrar"
79-->[com.google.firebase:firebase-auth:21.1.0] AndroidManifest.xml:68:17-109
80                android:value="com.google.firebase.components.ComponentRegistrar" />
80-->[com.google.firebase:firebase-auth:21.1.0] AndroidManifest.xml:69:17-82
81            <meta-data
81-->[com.google.android.gms:play-services-measurement-api:21.2.0] AndroidManifest.xml:31:13-33:85
82                android:name="com.google.firebase.components:com.google.firebase.analytics.connector.internal.AnalyticsConnectorRegistrar"
82-->[com.google.android.gms:play-services-measurement-api:21.2.0] AndroidManifest.xml:32:17-139
83                android:value="com.google.firebase.components.ComponentRegistrar" />
83-->[com.google.android.gms:play-services-measurement-api:21.2.0] AndroidManifest.xml:33:17-82
84            <meta-data
84-->[com.google.firebase:firebase-installations:17.1.0] AndroidManifest.xml:17:13-19:85
85                android:name="com.google.firebase.components:com.google.firebase.installations.FirebaseInstallationsRegistrar"
85-->[com.google.firebase:firebase-installations:17.1.0] AndroidManifest.xml:18:17-127
86                android:value="com.google.firebase.components.ComponentRegistrar" />
86-->[com.google.firebase:firebase-installations:17.1.0] AndroidManifest.xml:19:17-82
87        </service>
88
89        <provider
89-->[:react-native-firebase_app] AndroidManifest.xml:25:9-29:38
90            android:name="io.invertase.firebase.app.ReactNativeFirebaseAppInitProvider"
90-->[:react-native-firebase_app] AndroidManifest.xml:26:13-88
91            android:authorities="com.tisporet.reactnativefirebaseappinitprovider"
91-->[:react-native-firebase_app] AndroidManifest.xml:27:13-86
92            android:exported="false"
92-->[:react-native-firebase_app] AndroidManifest.xml:28:13-37
93            android:initOrder="99" />
93-->[:react-native-firebase_app] AndroidManifest.xml:29:13-35
94
95        <activity
95-->[com.google.firebase:firebase-auth:21.1.0] AndroidManifest.xml:27:9-44:20
96            android:name="com.google.firebase.auth.internal.GenericIdpActivity"
96-->[com.google.firebase:firebase-auth:21.1.0] AndroidManifest.xml:28:13-80
97            android:excludeFromRecents="true"
97-->[com.google.firebase:firebase-auth:21.1.0] AndroidManifest.xml:29:13-46
98            android:exported="true"
98-->[com.google.firebase:firebase-auth:21.1.0] AndroidManifest.xml:30:13-36
99            android:launchMode="singleTask"
99-->[com.google.firebase:firebase-auth:21.1.0] AndroidManifest.xml:31:13-44
100            android:theme="@android:style/Theme.Translucent.NoTitleBar" >
100-->[com.google.firebase:firebase-auth:21.1.0] AndroidManifest.xml:32:13-72
101            <intent-filter>
101-->[com.google.firebase:firebase-auth:21.1.0] AndroidManifest.xml:33:13-43:29
102                <action android:name="android.intent.action.VIEW" />
102-->[com.google.firebase:firebase-auth:21.1.0] AndroidManifest.xml:34:17-69
102-->[com.google.firebase:firebase-auth:21.1.0] AndroidManifest.xml:34:25-66
103
104                <category android:name="android.intent.category.DEFAULT" />
104-->[com.google.firebase:firebase-auth:21.1.0] AndroidManifest.xml:36:17-76
104-->[com.google.firebase:firebase-auth:21.1.0] AndroidManifest.xml:36:27-73
105                <category android:name="android.intent.category.BROWSABLE" />
105-->[com.google.firebase:firebase-auth:21.1.0] AndroidManifest.xml:37:17-78
105-->[com.google.firebase:firebase-auth:21.1.0] AndroidManifest.xml:37:27-75
106
107                <data
107-->[com.google.firebase:firebase-auth:21.1.0] AndroidManifest.xml:39:17-42:51
108                    android:host="firebase.auth"
108-->[com.google.firebase:firebase-auth:21.1.0] AndroidManifest.xml:40:21-49
109                    android:path="/"
109-->[com.google.firebase:firebase-auth:21.1.0] AndroidManifest.xml:41:21-37
110                    android:scheme="genericidp" />
110-->[com.google.firebase:firebase-auth:21.1.0] AndroidManifest.xml:42:21-48
111            </intent-filter>
112        </activity>
113        <activity
113-->[com.google.firebase:firebase-auth:21.1.0] AndroidManifest.xml:45:9-62:20
114            android:name="com.google.firebase.auth.internal.RecaptchaActivity"
114-->[com.google.firebase:firebase-auth:21.1.0] AndroidManifest.xml:46:13-79
115            android:excludeFromRecents="true"
115-->[com.google.firebase:firebase-auth:21.1.0] AndroidManifest.xml:47:13-46
116            android:exported="true"
116-->[com.google.firebase:firebase-auth:21.1.0] AndroidManifest.xml:48:13-36
117            android:launchMode="singleTask"
117-->[com.google.firebase:firebase-auth:21.1.0] AndroidManifest.xml:49:13-44
118            android:theme="@android:style/Theme.Translucent.NoTitleBar" >
118-->[com.google.firebase:firebase-auth:21.1.0] AndroidManifest.xml:50:13-72
119            <intent-filter>
119-->[com.google.firebase:firebase-auth:21.1.0] AndroidManifest.xml:51:13-61:29
120                <action android:name="android.intent.action.VIEW" />
120-->[com.google.firebase:firebase-auth:21.1.0] AndroidManifest.xml:34:17-69
120-->[com.google.firebase:firebase-auth:21.1.0] AndroidManifest.xml:34:25-66
121
122                <category android:name="android.intent.category.DEFAULT" />
122-->[com.google.firebase:firebase-auth:21.1.0] AndroidManifest.xml:36:17-76
122-->[com.google.firebase:firebase-auth:21.1.0] AndroidManifest.xml:36:27-73
123                <category android:name="android.intent.category.BROWSABLE" />
123-->[com.google.firebase:firebase-auth:21.1.0] AndroidManifest.xml:37:17-78
123-->[com.google.firebase:firebase-auth:21.1.0] AndroidManifest.xml:37:27-75
124
125                <data
125-->[com.google.firebase:firebase-auth:21.1.0] AndroidManifest.xml:39:17-42:51
126                    android:host="firebase.auth"
126-->[com.google.firebase:firebase-auth:21.1.0] AndroidManifest.xml:40:21-49
127                    android:path="/"
127-->[com.google.firebase:firebase-auth:21.1.0] AndroidManifest.xml:41:21-37
128                    android:scheme="recaptcha" />
128-->[com.google.firebase:firebase-auth:21.1.0] AndroidManifest.xml:42:21-48
129            </intent-filter>
130        </activity>
131        <activity
131-->[com.google.android.gms:play-services-auth:20.3.0] AndroidManifest.xml:23:9-27:75
132            android:name="com.google.android.gms.auth.api.signin.internal.SignInHubActivity"
132-->[com.google.android.gms:play-services-auth:20.3.0] AndroidManifest.xml:24:13-93
133            android:excludeFromRecents="true"
133-->[com.google.android.gms:play-services-auth:20.3.0] AndroidManifest.xml:25:13-46
134            android:exported="false"
134-->[com.google.android.gms:play-services-auth:20.3.0] AndroidManifest.xml:26:13-37
135            android:theme="@android:style/Theme.Translucent.NoTitleBar" />
135-->[com.google.android.gms:play-services-auth:20.3.0] AndroidManifest.xml:27:13-72
136        <!--
137            Service handling Google Sign-In user revocation. For apps that do not integrate with
138            Google Sign-In, this service will never be started.
139        -->
140        <service
140-->[com.google.android.gms:play-services-auth:20.3.0] AndroidManifest.xml:33:9-37:51
141            android:name="com.google.android.gms.auth.api.signin.RevocationBoundService"
141-->[com.google.android.gms:play-services-auth:20.3.0] AndroidManifest.xml:34:13-89
142            android:exported="true"
142-->[com.google.android.gms:play-services-auth:20.3.0] AndroidManifest.xml:35:13-36
143            android:permission="com.google.android.gms.auth.api.signin.permission.REVOCATION_NOTIFICATION"
143-->[com.google.android.gms:play-services-auth:20.3.0] AndroidManifest.xml:36:13-107
144            android:visibleToInstantApps="true" />
144-->[com.google.android.gms:play-services-auth:20.3.0] AndroidManifest.xml:37:13-48
145
146        <activity
146-->[com.google.android.gms:play-services-base:18.0.1] AndroidManifest.xml:20:9-22:45
147            android:name="com.google.android.gms.common.api.GoogleApiActivity"
147-->[com.google.android.gms:play-services-base:18.0.1] AndroidManifest.xml:20:19-85
148            android:exported="false"
148-->[com.google.android.gms:play-services-base:18.0.1] AndroidManifest.xml:22:19-43
149            android:theme="@android:style/Theme.Translucent.NoTitleBar" />
149-->[com.google.android.gms:play-services-base:18.0.1] AndroidManifest.xml:21:19-78
150
151        <provider
151-->[com.google.firebase:firebase-common:20.2.0] AndroidManifest.xml:25:9-30:39
152            android:name="com.google.firebase.provider.FirebaseInitProvider"
152-->[com.google.firebase:firebase-common:20.2.0] AndroidManifest.xml:26:13-77
153            android:authorities="com.tisporet.firebaseinitprovider"
153-->[com.google.firebase:firebase-common:20.2.0] AndroidManifest.xml:27:13-72
154            android:directBootAware="true"
154-->[com.google.firebase:firebase-common:20.2.0] AndroidManifest.xml:28:13-43
155            android:exported="false"
155-->[com.google.firebase:firebase-common:20.2.0] AndroidManifest.xml:29:13-37
156            android:initOrder="100" />
156-->[com.google.firebase:firebase-common:20.2.0] AndroidManifest.xml:30:13-36
157
158        <receiver
158-->[com.google.android.gms:play-services-measurement:21.2.0] AndroidManifest.xml:29:9-33:20
159            android:name="com.google.android.gms.measurement.AppMeasurementReceiver"
159-->[com.google.android.gms:play-services-measurement:21.2.0] AndroidManifest.xml:30:13-85
160            android:enabled="true"
160-->[com.google.android.gms:play-services-measurement:21.2.0] AndroidManifest.xml:31:13-35
161            android:exported="false" >
161-->[com.google.android.gms:play-services-measurement:21.2.0] AndroidManifest.xml:32:13-37
162        </receiver>
163
164        <service
164-->[com.google.android.gms:play-services-measurement:21.2.0] AndroidManifest.xml:35:9-38:40
165            android:name="com.google.android.gms.measurement.AppMeasurementService"
165-->[com.google.android.gms:play-services-measurement:21.2.0] AndroidManifest.xml:36:13-84
166            android:enabled="true"
166-->[com.google.android.gms:play-services-measurement:21.2.0] AndroidManifest.xml:37:13-35
167            android:exported="false" />
167-->[com.google.android.gms:play-services-measurement:21.2.0] AndroidManifest.xml:38:13-37
168        <service
168-->[com.google.android.gms:play-services-measurement:21.2.0] AndroidManifest.xml:39:9-43:72
169            android:name="com.google.android.gms.measurement.AppMeasurementJobService"
169-->[com.google.android.gms:play-services-measurement:21.2.0] AndroidManifest.xml:40:13-87
170            android:enabled="true"
170-->[com.google.android.gms:play-services-measurement:21.2.0] AndroidManifest.xml:41:13-35
171            android:exported="false"
171-->[com.google.android.gms:play-services-measurement:21.2.0] AndroidManifest.xml:42:13-37
172            android:permission="android.permission.BIND_JOB_SERVICE" />
172-->[com.google.android.gms:play-services-measurement:21.2.0] AndroidManifest.xml:43:13-69
173
174        <meta-data
174-->[com.google.android.gms:play-services-basement:18.1.0] AndroidManifest.xml:21:9-23:69
175            android:name="com.google.android.gms.version"
175-->[com.google.android.gms:play-services-basement:18.1.0] AndroidManifest.xml:22:13-58
176            android:value="@integer/google_play_services_version" />
176-->[com.google.android.gms:play-services-basement:18.1.0] AndroidManifest.xml:23:13-66
177
178        <provider
178-->[androidx.emoji2:emoji2:1.0.0] AndroidManifest.xml:26:9-34:20
179            android:name="androidx.startup.InitializationProvider"
179-->[androidx.emoji2:emoji2:1.0.0] AndroidManifest.xml:27:13-67
180            android:authorities="com.tisporet.androidx-startup"
180-->[androidx.emoji2:emoji2:1.0.0] AndroidManifest.xml:28:13-68
181            android:exported="false" >
181-->[androidx.emoji2:emoji2:1.0.0] AndroidManifest.xml:29:13-37
182            <meta-data
182-->[androidx.emoji2:emoji2:1.0.0] AndroidManifest.xml:31:13-33:52
183                android:name="androidx.emoji2.text.EmojiCompatInitializer"
183-->[androidx.emoji2:emoji2:1.0.0] AndroidManifest.xml:32:17-75
184                android:value="androidx.startup" />
184-->[androidx.emoji2:emoji2:1.0.0] AndroidManifest.xml:33:17-49
185            <meta-data
185-->[androidx.lifecycle:lifecycle-process:2.4.0] AndroidManifest.xml:31:13-33:52
186                android:name="androidx.lifecycle.ProcessLifecycleInitializer"
186-->[androidx.lifecycle:lifecycle-process:2.4.0] AndroidManifest.xml:32:17-78
187                android:value="androidx.startup" />
187-->[androidx.lifecycle:lifecycle-process:2.4.0] AndroidManifest.xml:33:17-49
188        </provider>
189    </application>
190
191</manifest>